<?xml version="1.0" encoding="UTF-8"?>
<!-- Generated by org.testng.reporters.JUnitReportReporter -->
<testsuite hostname="SumedhKrishna" failures="0" tests="3" name="tests.DockerWithSeleniumGrid" time="20.005" errors="0" timestamp="2024-03-21T17:38:37 EDT" skipped="0">
  <testcase classname="tests.DockerWithSeleniumGrid" name="testChrome" time="5.374"/>
  <testcase classname="tests.DockerWithSeleniumGrid" name="testFirefox" time="8.538"/>
  <testcase classname="tests.DockerWithSeleniumGrid" name="testEdge" time="6.093"/>
</testsuite> <!-- tests.DockerWithSeleniumGrid -->
