<?xml version="1.0" encoding="UTF-8"?>
<!-- Generated by org.testng.reporters.JUnitReportReporter -->
<testsuite hostname="SumedhKrishna" failures="0" tests="2" name="tests.DockerDemoWithChrome" time="8.309" errors="0" timestamp="2024-03-21T13:07:48 EDT" skipped="0">
  <testcase classname="tests.DockerDemoWithChrome" name="testDockerDemoWithFirefox" time="5.115"/>
  <testcase classname="tests.DockerDemoWithChrome" name="testDockerDemoWithChrome" time="3.194"/>
</testsuite> <!-- tests.DockerDemoWithChrome -->
