<?xml version="1.0" encoding="UTF-8"?>
<!-- Generated by org.testng.reporters.JUnitReportReporter -->
<testsuite hostname="SumedhKrishna" failures="0" tests="3" name="tests.DockerWithSeleniumGrid" time="22.301" errors="0" timestamp="2024-03-21T17:53:45 EDT" skipped="0">
  <testcase classname="tests.DockerWithSeleniumGrid" name="testChrome" time="5.976"/>
  <testcase classname="tests.DockerWithSeleniumGrid" name="testEdge" time="7.018"/>
  <testcase classname="tests.DockerWithSeleniumGrid" name="testFirefox" time="9.307"/>
</testsuite> <!-- tests.DockerWithSeleniumGrid -->
