<?xml version="1.0" encoding="UTF-8"?>
<!-- Generated by org.testng.reporters.JUnitReportReporter -->
<testsuite hostname="SumedhKrishna" failures="0" tests="1" name="tests.PassingTestNgParamsFromMaven" time="0.006" errors="0" timestamp="2024-03-20T15:44:04 EDT" skipped="0">
  <testcase classname="tests.PassingTestNgParamsFromMaven" name="testPassingTestNgParamsFromMaven" time="0.006"/>
</testsuite> <!-- tests.PassingTestNgParamsFromMaven -->
